<?xml version="1.0" encoding="UTF-8"?>
<!-- Generated by org.testng.reporters.JUnitReportReporter -->
<testsuite name="NewTest" tests="8" time="0.180" ignored="0" failures="0" timestamp="26 Jun 2018 08:30:12 GMT" skipped="0" hostname="HPDB0271" errors="0">
  <testcase name="not_able_to_add_more_than_four_users" time="0.020" classname="NewTest"/>
  <testcase name="roll_dice_without_registering_player" time="0.000" classname="NewTest"/>
  <testcase name="adding_use_with_same_name_again" time="0.030" classname="NewTest"/>
  <testcase name="roll_dice_with_random_uuid" time="0.020" classname="NewTest"/>
  <testcase name="game_is_working_or_not" time="0.050" classname="NewTest"/>
  <testcase name="registration_of_user_after_game_has_begun" time="0.030" classname="NewTest"/>
  <testcase name="registeration_of_a_user" time="0.020" classname="NewTest"/>
  <testcase name="delete_user_without_registering" time="0.010" classname="NewTest"/>
</testsuite> <!-- NewTest -->
